------------------|---------|---------|---------|---------|
File              | % Stmts | % Brchs | % Funcs | % Lines |
------------------|---------|---------|---------|---------|
All files         |   96.68 |    96.6 |   97.22 |   96.67 |
node-jslint-lite/ |   96.68 |    96.6 |   97.22 |   96.67 |
  example.js      |     100 |     100 |     100 |     100 |
  lib.jslint.js   |   96.52 |   96.46 |   97.08 |   96.51 |
  test.js         |     100 |     100 |     100 |     100 |
------------------|---------|---------|---------|---------|
