------------------|---------|---------|---------|---------|
File              | % Stmts | % Brchs | % Funcs | % Lines |
------------------|---------|---------|---------|---------|
All files         |    97.2 |    94.7 |   99.05 |   97.19 |
node-jslint-lite/ |    97.2 |    94.7 |   99.05 |   97.19 |
  example.js      |     100 |     100 |     100 |     100 |
  lib.jslint.js   |   97.09 |   94.47 |   98.99 |   97.08 |
  test.js         |     100 |     100 |     100 |     100 |
------------------|---------|---------|---------|---------|
