------------------|---------|---------|---------|---------|
File              | % Stmts | % Brchs | % Funcs | % Lines |
------------------|---------|---------|---------|---------|
All files         |   96.62 |    96.6 |   97.23 |   96.61 |
node-jslint-lite/ |   96.62 |    96.6 |   97.23 |   96.61 |
  example.js      |     100 |     100 |     100 |     100 |
  lib.jslint.js   |   96.49 |   96.46 |   97.07 |   96.48 |
  test.js         |     100 |     100 |     100 |     100 |
------------------|---------|---------|---------|---------|
