------------------|---------|---------|---------|---------|
File              | % Stmts | % Brchs | % Funcs | % Lines |
------------------|---------|---------|---------|---------|
All files         |   95.91 |   93.76 |   98.34 |   95.89 |
node-jslint-lite/ |   95.91 |   93.76 |   98.34 |   95.89 |
  example.js      |     100 |     100 |     100 |     100 |
  lib.jslint.js   |   95.75 |    93.5 |   98.22 |   95.73 |
  test.js         |     100 |     100 |     100 |     100 |
------------------|---------|---------|---------|---------|
