------------------|---------|---------|---------|---------|
File              | % Stmts | % Brchs | % Funcs | % Lines |
------------------|---------|---------|---------|---------|
All files         |   95.58 |    93.5 |   98.22 |   95.56 |
node-jslint-lite/ |   95.58 |    93.5 |   98.22 |   95.56 |
  example.js      |     100 |     100 |     100 |     100 |
  lib.jslint.js   |    95.4 |   93.22 |    98.1 |   95.39 |
  test.js         |     100 |     100 |     100 |     100 |
------------------|---------|---------|---------|---------|
