------------------|---------|---------|---------|---------|
File              | % Stmts | % Brchs | % Funcs | % Lines |
------------------|---------|---------|---------|---------|
All files         |   92.69 |   89.67 |   97.26 |   92.66 |
node-jslint-lite/ |   92.69 |   89.67 |   97.26 |   92.66 |
  example.js      |     100 |     100 |     100 |     100 |
  lib.jslint.js   |   92.41 |   89.25 |   97.08 |   92.38 |
  test.js         |     100 |     100 |     100 |     100 |
------------------|---------|---------|---------|---------|
