------------------|---------|---------|---------|---------|
File              | % Stmts | % Brchs | % Funcs | % Lines |
------------------|---------|---------|---------|---------|
All files         |   92.72 |   89.75 |   97.26 |    92.7 |
node-jslint-lite/ |   92.72 |   89.75 |   97.26 |    92.7 |
  example.js      |     100 |     100 |     100 |     100 |
  lib.jslint.js   |   92.44 |   89.33 |   97.08 |   92.41 |
  test.js         |     100 |     100 |     100 |     100 |
------------------|---------|---------|---------|---------|
