------------------|---------|---------|---------|---------|
File              | % Stmts | % Brchs | % Funcs | % Lines |
------------------|---------|---------|---------|---------|
All files         |   96.45 |   96.24 |      97 |   96.44 |
node-jslint-lite/ |   96.45 |   96.24 |      97 |   96.44 |
  example.js      |   89.94 |   83.33 |   95.24 |   89.94 |
  lib.jslint.js   |   96.54 |   96.49 |   96.97 |   96.53 |
  test.js         |     100 |     100 |     100 |     100 |
------------------|---------|---------|---------|---------|
